src/app/(auth)/login/page.tsx(37,50): error TS2322: Type '{ children: Element; type: "button"; className: string; asChild: true; }' is not assignable to type 'IntrinsicAttributes & ButtonProps & VariantProps<(props?: (ConfigVariants<{ variant: { default: string; outline: string; secondary: string; ghost: string; destructive: string; link: string; }; size: { ...; }; }> & ClassProp) | undefined) => string>'.
  Property 'asChild' does not exist on type 'IntrinsicAttributes & ButtonProps & VariantProps<(props?: (ConfigVariants<{ variant: { default: string; outline: string; secondary: string; ghost: string; destructive: string; link: string; }; size: { ...; }; }> & ClassProp) | undefined) => string>'.
src/app/(auth)/signup/page.tsx(36,50): error TS2322: Type '{ children: Element; type: "button"; className: string; asChild: true; }' is not assignable to type 'IntrinsicAttributes & ButtonProps & VariantProps<(props?: (ConfigVariants<{ variant: { default: string; outline: string; secondary: string; ghost: string; destructive: string; link: string; }; size: { ...; }; }> & ClassProp) | undefined) => string>'.
  Property 'asChild' does not exist on type 'IntrinsicAttributes & ButtonProps & VariantProps<(props?: (ConfigVariants<{ variant: { default: string; outline: string; secondary: string; ghost: string; destructive: string; link: string; }; size: { ...; }; }> & ClassProp) | undefined) => string>'.
src/app/(dashboard)/dashboard/page.tsx(70,53): error TS2322: Type '{ children: Element; variant: "ghost"; size: "sm"; asChild: true; }' is not assignable to type 'IntrinsicAttributes & ButtonProps & VariantProps<(props?: (ConfigVariants<{ variant: { default: string; outline: string; secondary: string; ghost: string; destructive: string; link: string; }; size: { ...; }; }> & ClassProp) | undefined) => string>'.
  Property 'asChild' does not exist on type 'IntrinsicAttributes & ButtonProps & VariantProps<(props?: (ConfigVariants<{ variant: { default: string; outline: string; secondary: string; ghost: string; destructive: string; link: string; }; size: { ...; }; }> & ClassProp) | undefined) => string>'.
src/app/(dashboard)/dashboard/page.tsx(97,63): error TS2322: Type '{ children: Element; variant: "outline"; className: string; asChild: true; }' is not assignable to type 'IntrinsicAttributes & ButtonProps & VariantProps<(props?: (ConfigVariants<{ variant: { default: string; outline: string; secondary: string; ghost: string; destructive: string; link: string; }; size: { ...; }; }> & ClassProp) | undefined) => string>'.
  Property 'asChild' does not exist on type 'IntrinsicAttributes & ButtonProps & VariantProps<(props?: (ConfigVariants<{ variant: { default: string; outline: string; secondary: string; ghost: string; destructive: string; link: string; }; size: { ...; }; }> & ClassProp) | undefined) => string>'.
src/app/(dashboard)/meetings/[id]/page.tsx(44,47): error TS2322: Type '{ children: Element; variant: "outline"; size: "icon"; asChild: true; }' is not assignable to type 'IntrinsicAttributes & ButtonProps & VariantProps<(props?: (ConfigVariants<{ variant: { default: string; outline: string; secondary: string; ghost: string; destructive: string; link: string; }; size: { ...; }; }> & ClassProp) | undefined) => string>'.
  Property 'asChild' does not exist on type 'IntrinsicAttributes & ButtonProps & VariantProps<(props?: (ConfigVariants<{ variant: { default: string; outline: string; secondary: string; ghost: string; destructive: string; link: string; }; size: { ...; }; }> & ClassProp) | undefined) => string>'.
src/app/(dashboard)/meetings/[id]/page.tsx(154,23): error TS2322: Type '{ children: Element; asChild: true; variant: "outline"; className: string; }' is not assignable to type 'IntrinsicAttributes & ButtonProps & VariantProps<(props?: (ConfigVariants<{ variant: { default: string; outline: string; secondary: string; ghost: string; destructive: string; link: string; }; size: { ...; }; }> & ClassProp) | undefined) => string>'.
  Property 'asChild' does not exist on type 'IntrinsicAttributes & ButtonProps & VariantProps<(props?: (ConfigVariants<{ variant: { default: string; outline: string; secondary: string; ghost: string; destructive: string; link: string; }; size: { ...; }; }> & ClassProp) | undefined) => string>'.
src/app/(dashboard)/meetings/page.tsx(135,47): error TS2322: Type '{ children: Element; variant: "outline"; asChild: true; className: string; }' is not assignable to type 'IntrinsicAttributes & ButtonProps & VariantProps<(props?: (ConfigVariants<{ variant: { default: string; outline: string; secondary: string; ghost: string; destructive: string; link: string; }; size: { ...; }; }> & ClassProp) | undefined) => string>'.
  Property 'asChild' does not exist on type 'IntrinsicAttributes & ButtonProps & VariantProps<(props?: (ConfigVariants<{ variant: { default: string; outline: string; secondary: string; ghost: string; destructive: string; link: string; }; size: { ...; }; }> & ClassProp) | undefined) => string>'.
src/app/(dashboard)/settings/page.tsx(8,24): error TS2307: Cannot find module '@/components/ui/switch' or its corresponding type declarations.
src/app/(dashboard)/settings/page.tsx(60,35): error TS7006: Parameter 'checked' implicitly has an 'any' type.
src/app/(marketing)/page.tsx(21,29): error TS2322: Type '{ children: Element; size: "lg"; asChild: true; className: string; }' is not assignable to type 'IntrinsicAttributes & ButtonProps & VariantProps<(props?: (ConfigVariants<{ variant: { default: string; outline: string; secondary: string; ghost: string; destructive: string; link: string; }; size: { ...; }; }> & ClassProp) | undefined) => string>'.
  Property 'asChild' does not exist on type 'IntrinsicAttributes & ButtonProps & VariantProps<(props?: (ConfigVariants<{ variant: { default: string; outline: string; secondary: string; ghost: string; destructive: string; link: string; }; size: { ...; }; }> & ClassProp) | undefined) => string>'.
src/components/Navbar.tsx(21,19): error TS2322: Type '{ children: Element; asChild: true; size: "sm"; }' is not assignable to type 'IntrinsicAttributes & ButtonProps & VariantProps<(props?: (ConfigVariants<{ variant: { default: string; outline: string; secondary: string; ghost: string; destructive: string; link: string; }; size: { ...; }; }> & ClassProp) | undefined) => string>'.
  Property 'asChild' does not exist on type 'IntrinsicAttributes & ButtonProps & VariantProps<(props?: (ConfigVariants<{ variant: { default: string; outline: string; secondary: string; ghost: string; destructive: string; link: string; }; size: { ...; }; }> & ClassProp) | undefined) => string>'.
src/components/TopNavbar.tsx(33,23): error TS2322: Type '{ children: Element; asChild: true; }' is not assignable to type 'IntrinsicAttributes & Props<unknown>'.
  Property 'asChild' does not exist on type 'IntrinsicAttributes & Props<unknown>'.
src/components/TopNavbar.tsx(78,30): error TS2322: Type '{ children: Element; asChild: true; }' is not assignable to type 'IntrinsicAttributes & Props<unknown>'.
  Property 'asChild' does not exist on type 'IntrinsicAttributes & Props<unknown>'.
src/components/TopNavbar.tsx(93,29): error TS2322: Type '{ children: Element; asChild: true; }' is not assignable to type 'IntrinsicAttributes & MenuItemProps & { inset?: boolean | undefined; variant?: "default" | "destructive" | undefined; }'.
  Property 'asChild' does not exist on type 'IntrinsicAttributes & MenuItemProps & { inset?: boolean | undefined; variant?: "default" | "destructive" | undefined; }'.
